<?xml version="1.0" encoding="UTF-8"?>
<testExecutions version="1">
    <file path="C:\Users\joel\Documents\Git\clockify.js\tests\timeEntry.test.ts">
        <testCase name="Get your time entries on workspace" duration="203"/>
        <testCase name="Get a specific time entry on workspace" duration="94"/>
        <testCase name="Add a new time entry to workspace &amp;&amp; Delete time entry from workspace" duration="388"/>
        <testCase name="Add a new time entry for another user on workspace &amp;&amp; Delete time entry from workspace" duration="394"/>
        <testCase name="Stop currently running timer on workspace" duration="2297"/>
        <testCase name="Update time entry on workspace" duration="303"/>
    </file>
    <file path="C:\Users\joel\Documents\Git\clockify.js\tests\reports.test.ts">
        <testCase name="Summary report" duration="191"/>
        <testCase name="Detailed report" duration="81"/>
    </file>
    <file path="C:\Users\joel\Documents\Git\clockify.js\tests\project.test.ts">
        <testCase name="Get all projects on workspace" duration="102"/>
        <testCase name="Find project by ID" duration="83"/>
        <testCase name="Add a new project to workspace &amp;&amp; Update project on workspace &amp;&amp; Delete project from workspace" duration="480"/>
        <testCase name="Update project estimate - Time Estimate" duration="279"/>
        <testCase name="Update project estimate - Budget Estimate" duration="0"/>
        <testCase name="Update project memberships" duration="138"/>
        <testCase name="Update project template" duration="0"/>
    </file>
    <file path="C:\Users\joel\Documents\Git\clockify.js\tests\task.test.ts">
        <testCase name="Find tasks on project" duration="100"/>
        <testCase name="Find task on project by ID" duration="94"/>
        <testCase name="Add a new task on project &amp;&amp; Delete task from project" duration="406"/>
        <testCase name="Update task on project" duration="281"/>
    </file>
    <file path="C:\Users\joel\Documents\Git\clockify.js\tests\client.test.ts">
        <testCase name="Find clients on workspace" duration="94"/>
        <testCase name="Add a new client to workspace &amp; Delete client" duration="375"/>
        <testCase name="Update a clients name" duration="169"/>
    </file>
    <file path="C:\Users\joel\Documents\Git\clockify.js\tests\tags.test.ts">
        <testCase name="Find tags on workspace" duration="89"/>
        <testCase name="Add a new tag to workspace &amp;&amp; Delete tag" duration="363"/>
        <testCase name="Update tag" duration="93"/>
    </file>
    <file path="C:\Users\joel\Documents\Git\clockify.js\tests\users.test.ts">
        <testCase name="Get currently logged in user&apos;s info" duration="93"/>
        <testCase name="Find all users on workspace" duration="88"/>
        <testCase name="Add user to workspace" duration="0"/>
        <testCase name="Update user&apos;s workspace status" duration="0"/>
        <testCase name="Remove user from workspace" duration="0"/>
    </file>
    <file path="C:\Users\joel\Documents\Git\clockify.js\tests\workspaces.test.ts">
        <testCase name="Get all my workspaces" duration="291"/>
    </file>
</testExecutions>